<?xml version="1.0" encoding="UTF-8" ?>
<testsuites disabled="0" errors="0" failures="0" tests="2" time="86.522">
 <testsuite name=" Non Angular application Demo" timestamp="2022-02-10T15:55:37" hostname="localhost" time="70.385" errors="0" tests="1" skipped="0" disabled="0" failures="0">
  <testcase classname=" Non Angular application Demo" name="Flipkart Application " time="70.382" />
 </testsuite>
 <testsuite name="angularjs homepage" timestamp="2022-02-10T15:56:47" hostname="localhost" time="16.137" errors="0" tests="1" skipped="0" disabled="0" failures="0">
  <testcase classname="angularjs homepage" name="should greet the named user" time="16.136" />
 </testsuite>
</testsuites>